<?xml version="1.0" encoding="UTF-8" ?>
<testsuites>
  <testsuite errors="0" failures="0" hostname="LAPTOP-U215I4Q0" id="0" name="com_ibm_websphere_samples_daytrader_beans_RunStatsDataBean_Test" package="" skipped="0" tests="12" time="2.231" timestamp="2021-02-18T09:19:48">
      <properties>
[...]
</properties>

      <testcase classname="com_ibm_websphere_samples_daytrader_beans_RunStatsDataBean_Test" name="test10" time="1.494" />

      <testcase classname="com_ibm_websphere_samples_daytrader_beans_RunStatsDataBean_Test" name="test11" time="0.07" />

      <testcase classname="com_ibm_websphere_samples_daytrader_beans_RunStatsDataBean_Test" name="test0" time="0.062" />

      <testcase classname="com_ibm_websphere_samples_daytrader_beans_RunStatsDataBean_Test" name="test1" time="0.063" />

      <testcase classname="com_ibm_websphere_samples_daytrader_beans_RunStatsDataBean_Test" name="test2" time="0.061" />

      <testcase classname="com_ibm_websphere_samples_daytrader_beans_RunStatsDataBean_Test" name="test3" time="0.066" />

      <testcase classname="com_ibm_websphere_samples_daytrader_beans_RunStatsDataBean_Test" name="test4" time="0.059" />

      <testcase classname="com_ibm_websphere_samples_daytrader_beans_RunStatsDataBean_Test" name="test5" time="0.061" />

      <testcase classname="com_ibm_websphere_samples_daytrader_beans_RunStatsDataBean_Test" name="test6" time="0.063" />

      <testcase classname="com_ibm_websphere_samples_daytrader_beans_RunStatsDataBean_Test" name="test7" time="0.06" />

      <testcase classname="com_ibm_websphere_samples_daytrader_beans_RunStatsDataBean_Test" name="test8" time="0.062" />

      <testcase classname="com_ibm_websphere_samples_daytrader_beans_RunStatsDataBean_Test" name="test9" time="0.062" />

      <system-out><![CDATA[11:19:48.345 [main] DEBUG o.j.r.p.providers.DocumentProvider - Unable to retrieve config: expandEntityReferences defaults to true
11:19:48.352 [main] DEBUG o.j.r.p.providers.DocumentProvider - Unable to retrieve config: expandEntityReferences defaults to true
]]></system-out>

      <system-err><![CDATA[]]></system-err>

  </testsuite>
  <testsuite errors="2" failures="0" hostname="LAPTOP-U215I4Q0" id="1" name="com_ibm_websphere_samples_daytrader_direct_TradeDirect_Test" package="" skipped="0" tests="18" time="10.456" timestamp="2021-02-18T09:19:50">
      <properties>
[...]
</properties>

      <testcase classname="com_ibm_websphere_samples_daytrader_direct_TradeDirect_Test" name="test10" time="10.081" />

      <testcase classname="com_ibm_websphere_samples_daytrader_direct_TradeDirect_Test" name="test11" time="0.021" />

      <testcase classname="com_ibm_websphere_samples_daytrader_direct_TradeDirect_Test" name="test12" time="0.024" />

      <testcase classname="com_ibm_websphere_samples_daytrader_direct_TradeDirect_Test" name="test13" time="0.029" />

      <testcase classname="com_ibm_websphere_samples_daytrader_direct_TradeDirect_Test" name="test14" time="0.021" />

      <testcase classname="com_ibm_websphere_samples_daytrader_direct_TradeDirect_Test" name="test15" time="0.008">
          <error message="ERROR: dummy function called at daytrader-ee7-web/src/main/java/com/ibm/websphere/samples/daytrader/web/prims/PingBean.java:PingBean:getMsg" type="com.ibm.cardinal.util.CardinalException">com.ibm.cardinal.util.CardinalException: ERROR: dummy function called at daytrader-ee7-web/src/main/java/com/ibm/websphere/samples/daytrader/web/prims/PingBean.java:PingBean:getMsg
	at com.ibm.websphere.samples.daytrader.web.prims.PingBean.getMsg(PingBean.java:34)
	at com_ibm_websphere_samples_daytrader_direct_TradeDirect_Test.test15(com_ibm_websphere_samples_daytrader_direct_TradeDirect_Test.java:133)
</error>

      </testcase>

      <testcase classname="com_ibm_websphere_samples_daytrader_direct_TradeDirect_Test" name="test16" time="0.018" />

      <testcase classname="com_ibm_websphere_samples_daytrader_direct_TradeDirect_Test" name="test17" time="0.027" />

      <testcase classname="com_ibm_websphere_samples_daytrader_direct_TradeDirect_Test" name="test0" time="0.025">
          <error message="Invalid token=EOF at (line no=1, column no=0, offset=-1). Expected tokens are: [CURLYOPEN, SQUAREOPEN]" type="javax.json.stream.JsonParsingException">javax.json.stream.JsonParsingException: Invalid token=EOF at (line no=1, column no=0, offset=-1). Expected tokens are: [CURLYOPEN, SQUAREOPEN]
	at org.glassfish.json.JsonParserImpl.parsingException(JsonParserImpl.java:238)
	at org.glassfish.json.JsonParserImpl.access$1200(JsonParserImpl.java:61)
	at org.glassfish.json.JsonParserImpl$NoneContext.getNextEvent(JsonParserImpl.java:232)
	at org.glassfish.json.JsonParserImpl$StateIterator.next(JsonParserImpl.java:172)
	at org.glassfish.json.JsonParserImpl.next(JsonParserImpl.java:149)
	at org.glassfish.json.JsonReaderImpl.readObject(JsonReaderImpl.java:101)
	at com.ibm.websphere.samples.daytrader.direct.TradeDirect.updateAccountProfile(TradeDirect.java:1068)
	at com_ibm_websphere_samples_daytrader_direct_TradeDirect_Test.test0(com_ibm_websphere_samples_daytrader_direct_TradeDirect_Test.java:34)
</error>

      </testcase>

      <testcase classname="com_ibm_websphere_samples_daytrader_direct_TradeDirect_Test" name="test1" time="0.023" />

      <testcase classname="com_ibm_websphere_samples_daytrader_direct_TradeDirect_Test" name="test2" time="0.025" />

      <testcase classname="com_ibm_websphere_samples_daytrader_direct_TradeDirect_Test" name="test3" time="0.028" />

      <testcase classname="com_ibm_websphere_samples_daytrader_direct_TradeDirect_Test" name="test4" time="0.005" />

      <testcase classname="com_ibm_websphere_samples_daytrader_direct_TradeDirect_Test" name="test5" time="0.021" />

      <testcase classname="com_ibm_websphere_samples_daytrader_direct_TradeDirect_Test" name="test6" time="0.025" />

      <testcase classname="com_ibm_websphere_samples_daytrader_direct_TradeDirect_Test" name="test7" time="0.018" />

      <testcase classname="com_ibm_websphere_samples_daytrader_direct_TradeDirect_Test" name="test8" time="0.018" />

      <testcase classname="com_ibm_websphere_samples_daytrader_direct_TradeDirect_Test" name="test9" time="0.023" />

      <system-out><![CDATA[11:19:50.366 [main] DEBUG o.j.r.p.providers.DocumentProvider - Unable to retrieve config: expandEntityReferences defaults to true
11:19:50.367 [main] DEBUG o.j.r.p.providers.DocumentProvider - Unable to retrieve config: expandEntityReferences defaults to true
]]></system-out>

      <system-err><![CDATA[]]></system-err>

  </testsuite>
  <testsuite errors="0" failures="0" hostname="LAPTOP-U215I4Q0" id="2" name="com_ibm_websphere_samples_daytrader_util_MDBStats_Test" package="" skipped="0" tests="1" time="0.064" timestamp="2021-02-18T09:20:00">
      <properties>
[...]
</properties>

      <testcase classname="com_ibm_websphere_samples_daytrader_util_MDBStats_Test" name="test0" time="0.059" />

      <system-out><![CDATA[11:20:00.813 [main] DEBUG o.j.r.p.providers.DocumentProvider - Unable to retrieve config: expandEntityReferences defaults to true
11:20:00.815 [main] DEBUG o.j.r.p.providers.DocumentProvider - Unable to retrieve config: expandEntityReferences defaults to true
11:20:00.845 [main] DEBUG o.j.r.p.providers.DocumentProvider - Unable to retrieve config: expandEntityReferences defaults to true
11:20:00.846 [main] DEBUG o.j.r.p.providers.DocumentProvider - Unable to retrieve config: expandEntityReferences defaults to true
]]></system-out>

      <system-err><![CDATA[]]></system-err>

  </testsuite>
  <testsuite errors="0" failures="0" hostname="LAPTOP-U215I4Q0" id="3" name="com_ibm_websphere_samples_daytrader_util_TimerStat_Test" package="" skipped="0" tests="4" time="0.14" timestamp="2021-02-18T09:20:00">
      <properties>
[...]
</properties>

      <testcase classname="com_ibm_websphere_samples_daytrader_util_TimerStat_Test" name="test0" time="0.034" />

      <testcase classname="com_ibm_websphere_samples_daytrader_util_TimerStat_Test" name="test1" time="0.036" />

      <testcase classname="com_ibm_websphere_samples_daytrader_util_TimerStat_Test" name="test2" time="0.03" />

      <testcase classname="com_ibm_websphere_samples_daytrader_util_TimerStat_Test" name="test3" time="0.035" />

      <system-out><![CDATA[]]></system-out>

      <system-err><![CDATA[]]></system-err>

  </testsuite>
  <testsuite errors="1" failures="0" hostname="LAPTOP-U215I4Q0" id="4" name="com_ibm_websphere_samples_daytrader_web_websocket_ActionMessage_Test" package="" skipped="0" tests="1" time="0.003" timestamp="2021-02-18T09:20:01">
      <properties>
[...]
</properties>

      <testcase classname="com_ibm_websphere_samples_daytrader_web_websocket_ActionMessage_Test" name="test0" time="0.002">
          <error message="ERROR: dummy function called at daytrader-ee7-web/src/main/java/com/ibm/websphere/samples/daytrader/web/websocket/ActionMessage.java:ActionMessage:ActionMessage" type="com.ibm.cardinal.util.CardinalException">com.ibm.cardinal.util.CardinalException: ERROR: dummy function called at daytrader-ee7-web/src/main/java/com/ibm/websphere/samples/daytrader/web/websocket/ActionMessage.java:ActionMessage:ActionMessage
	at com.ibm.websphere.samples.daytrader.web.websocket.ActionMessage.&lt;init&gt;(ActionMessage.java:48)
	at com_ibm_websphere_samples_daytrader_web_websocket_ActionMessage_Test.test0(com_ibm_websphere_samples_daytrader_web_websocket_ActionMessage_Test.java:15)
</error>

      </testcase>

      <system-out><![CDATA[]]></system-out>

      <system-err><![CDATA[]]></system-err>

  </testsuite>
</testsuites>
